<?xml version="1.0" encoding="UTF-8"?>
<!-- Generated by org.testng.reporters.JUnitXMLReporter -->
<testsuite hostname="LAPTOP-A95FTCHP" ignored="0" name="Test" tests="1" failures="1" timestamp="2022-05-09T11:31:24 PDT" time="36.332" errors="0">
  <testcase name="login_testcase" time="5.823" classname="com.inetBanking.testCases.TestCase_V1_001">
    <failure type="junit.framework.AssertionFailedError">
      <![CDATA[junit.framework.AssertionFailedError
at junit.framework.Assert.fail(Assert.java:55)
at junit.framework.Assert.assertTrue(Assert.java:22)
at junit.framework.Assert.assertTrue(Assert.java:31)
at com.inetBanking.testCases.TestCase_V1_001.login_testcase(TestCase_V1_001.java:41)
at java.util.ArrayList.forEach(ArrayList.java:1259)
... Removed 27 stack frames]]>
    </failure>
  </testcase> <!-- login_testcase -->
</testsuite> <!-- Test -->
